<?xml version="1.0" encoding="UTF-8"?>
<!-- Generated by org.testng.reporters.JUnitReportReporter -->
<testsuite hostname="INFOVITY-LT-187" name="example.NewTest" tests="2" failures="0" timestamp="16 Jul 2019 10:09:58 GMT" time="7.972" errors="0">
  <testcase name="testEasy1" time="7.954" classname="example.NewTest"/>
  <testcase name="testEasy2" time="0.018" classname="example.NewTest"/>
</testsuite> <!-- example.NewTest -->
