<?xml version="1.0" encoding="UTF-8"?>
<!-- Generated by org.testng.reporters.JUnitReportReporter -->
<testsuite hostname="INFOVITY-LT-187" name="example.NewTest" tests="1" failures="0" timestamp="10 Jul 2019 17:21:00 GMT" time="7.109" errors="0">
  <testcase name="testEasy" time="7.109" classname="example.NewTest"/>
</testsuite> <!-- example.NewTest -->
